{"name": "User should be able to interact as required on other pages", "status": "broken", "statusDetails": {"message": "selenium.common.exceptions.NoSuchElementException: Message: no such element: Unable to locate element: {\"method\":\"link text\",\"selector\":\"Dashboard Sales without Shipping Costs\"}\n  (Session info: chrome=110.0.5481.178)\nStacktrace:\nBacktrace:\n\t(No symbol) [0x003937D3]\n\t(No symbol) [0x00328B81]\n\t(No symbol) [0x0022B36D]\n\t(No symbol) [0x0025D382]\n\t(No symbol) [0x0025D4BB]\n\t(No symbol) [0x00293302]\n\t(No symbol) [0x0027B464]\n\t(No symbol) [0x00291215]\n\t(No symbol) [0x0027B216]\n\t(No symbol) [0x00250D97]\n\t(No symbol) [0x0025253D]\n\tGetHandleVerifier [0x0060ABF2+2510930]\n\tGetHandleVerifier [0x00638EC1+2700065]\n\tGetHandleVerifier [0x0063C86C+2714828]\n\tGetHandleVerifier [0x00443480+645344]\n\t(No symbol) [0x00330FD2]\n\t(No symbol) [0x00336C68]\n\t(No symbol) [0x00336D4B]\n\t(No symbol) [0x00340D6B]\n\tBaseThreadInitThunk [0x76506BD9+25]\n\tRtlGetFullPathName_UEx [0x77718FD2+1218]\n\tRtlGetFullPathName_UEx [0x77718F9D+1165]\n\n", "trace": "  File \"C:\\Users\\pumahapa\\PycharmProjects\\behavebddproject\\venv\\Lib\\site-packages\\behave\\model.py\", line 1329, in run\n    match.run(runner.context)\n  File \"C:\\Users\\pumahapa\\PycharmProjects\\behavebddproject\\venv\\Lib\\site-packages\\behave\\matchers.py\", line 98, in run\n    self.func(context, *args, **kwargs)\n  File \"features\\steps\\productcatalog.py\", line 53, in step_impl\n    assert context.driver.find_element(By.LINK_TEXT,\"Dashboard Sales without Shipping Costs\").is_displayed()\n           ^^^^^^^^^^^^^^^^^^^^^^^^^^^^^^^^^^^^^^^^^^^^^^^^^^^^^^^^^^^^^^^^^^^^^^^^^^^^^^^^^^\n  File \"C:\\Users\\pumahapa\\PycharmProjects\\behavebddproject\\venv\\Lib\\site-packages\\selenium\\webdriver\\remote\\webdriver.py\", line 830, in find_element\n    return self.execute(Command.FIND_ELEMENT, {\"using\": by, \"value\": value})[\"value\"]\n           ^^^^^^^^^^^^^^^^^^^^^^^^^^^^^^^^^^^^^^^^^^^^^^^^^^^^^^^^^^^^^^^^^\n  File \"C:\\Users\\pumahapa\\PycharmProjects\\behavebddproject\\venv\\Lib\\site-packages\\selenium\\webdriver\\remote\\webdriver.py\", line 440, in execute\n    self.error_handler.check_response(response)\n  File \"C:\\Users\\pumahapa\\PycharmProjects\\behavebddproject\\venv\\Lib\\site-packages\\selenium\\webdriver\\remote\\errorhandler.py\", line 245, in check_response\n    raise exception_class(message, screen, stacktrace)\n"}, "steps": [{"name": "Given I can open the URL", "status": "passed", "start": 1678249787774, "stop": 1678249793928}, {"name": "When I go to next page", "status": "passed", "start": 1678249793928, "stop": 1678249795985}, {"name": "Then products should be visible", "status": "broken", "statusDetails": {"message": "selenium.common.exceptions.NoSuchElementException: Message: no such element: Unable to locate element: {\"method\":\"link text\",\"selector\":\"Dashboard Sales without Shipping Costs\"}\n  (Session info: chrome=110.0.5481.178)\nStacktrace:\nBacktrace:\n\t(No symbol) [0x003937D3]\n\t(No symbol) [0x00328B81]\n\t(No symbol) [0x0022B36D]\n\t(No symbol) [0x0025D382]\n\t(No symbol) [0x0025D4BB]\n\t(No symbol) [0x00293302]\n\t(No symbol) [0x0027B464]\n\t(No symbol) [0x00291215]\n\t(No symbol) [0x0027B216]\n\t(No symbol) [0x00250D97]\n\t(No symbol) [0x0025253D]\n\tGetHandleVerifier [0x0060ABF2+2510930]\n\tGetHandleVerifier [0x00638EC1+2700065]\n\tGetHandleVerifier [0x0063C86C+2714828]\n\tGetHandleVerifier [0x00443480+645344]\n\t(No symbol) [0x00330FD2]\n\t(No symbol) [0x00336C68]\n\t(No symbol) [0x00336D4B]\n\t(No symbol) [0x00340D6B]\n\tBaseThreadInitThunk [0x76506BD9+25]\n\tRtlGetFullPathName_UEx [0x77718FD2+1218]\n\tRtlGetFullPathName_UEx [0x77718F9D+1165]\n\n", "trace": "  File \"C:\\Users\\pumahapa\\PycharmProjects\\behavebddproject\\venv\\Lib\\site-packages\\behave\\model.py\", line 1329, in run\n    match.run(runner.context)\n  File \"C:\\Users\\pumahapa\\PycharmProjects\\behavebddproject\\venv\\Lib\\site-packages\\behave\\matchers.py\", line 98, in run\n    self.func(context, *args, **kwargs)\n  File \"features\\steps\\productcatalog.py\", line 53, in step_impl\n    assert context.driver.find_element(By.LINK_TEXT,\"Dashboard Sales without Shipping Costs\").is_displayed()\n           ^^^^^^^^^^^^^^^^^^^^^^^^^^^^^^^^^^^^^^^^^^^^^^^^^^^^^^^^^^^^^^^^^^^^^^^^^^^^^^^^^^\n  File \"C:\\Users\\pumahapa\\PycharmProjects\\behavebddproject\\venv\\Lib\\site-packages\\selenium\\webdriver\\remote\\webdriver.py\", line 830, in find_element\n    return self.execute(Command.FIND_ELEMENT, {\"using\": by, \"value\": value})[\"value\"]\n           ^^^^^^^^^^^^^^^^^^^^^^^^^^^^^^^^^^^^^^^^^^^^^^^^^^^^^^^^^^^^^^^^^\n  File \"C:\\Users\\pumahapa\\PycharmProjects\\behavebddproject\\venv\\Lib\\site-packages\\selenium\\webdriver\\remote\\webdriver.py\", line 440, in execute\n    self.error_handler.check_response(response)\n  File \"C:\\Users\\pumahapa\\PycharmProjects\\behavebddproject\\venv\\Lib\\site-packages\\selenium\\webdriver\\remote\\errorhandler.py\", line 245, in check_response\n    raise exception_class(message, screen, stacktrace)\n"}, "start": 1678249795985, "stop": 1678249796047}], "start": 1678249787774, "stop": 1678249796048, "uuid": "a2a16561-cf82-4fca-91db-b04ddec06356", "historyId": "50237343b4adebf497a99a2ba874b8e0", "fullName": "To validate the functionality of product catalog: User should be able to interact as required on other pages", "labels": [{"name": "severity", "value": "normal"}, {"name": "feature", "value": "To validate the functionality of product catalog"}, {"name": "framework", "value": "behave"}, {"name": "language", "value": "cpython3"}]}